<?xml version="1.0" encoding="UTF-8"?>
<!-- Generated by org.testng.reporters.JUnitXMLReporter -->
<testsuite hostname="DESKTOP-TF1BFSK" failures="1" tests="1" name="ShoppingCartTests(failed)(failed)" time="155.22" errors="0" timestamp="1 Jul 2021 10:09:55 GMT">
  <testcase classname="TestScenario.ValidateShoppingCart" name="ValidateAddingAndRemovingProductsFromCart" time="138.155">
    <failure type="java.lang.AssertionError" message="The following asserts failed:
null">
      <![CDATA[java.lang.AssertionError: The following asserts failed:
null
	at com.tommyjohn.automation.Components.ShoppingCartComponents.AddRemoveProductsFromCart(ShoppingCartComponents.java:133)
	at com.tommyjohn.automation.Pages.ShoppingCartPage.ValidateAddRemoveProducts(ShoppingCartPage.java:28)
	at TestScenario.ValidateShoppingCart.ValidateAddingAndRemovingProductsFromCart(ValidateShoppingCart.java:37)
... Removed 25 stack frames]]>
    </failure>
  </testcase> <!-- ValidateAddingAndRemovingProductsFromCart -->
</testsuite> <!-- ShoppingCartTests(failed)(failed) -->
