<?xml version="1.0" encoding="UTF-8"?>
<!-- Generated by org.testng.reporters.JUnitXMLReporter -->
<testsuite hostname="DESKTOP-TF1BFSK" failures="1" tests="1" name="MegaCollectionTests(failed)" time="48.089" errors="0" timestamp="1 Jul 2021 09:52:32 GMT">
  <testcase classname="TestScenario.ValidateMegaCollectionPages" name="TC_ValidateProductNameOnAllUnderwearInMenCategory" time="33.964">
    <failure type="java.lang.Exception" message="Wrong product details page opened">
      <![CDATA[java.lang.Exception: Wrong product details page opened
	at com.tommyjohn.automation.Components.ProductDetailsPageComponents.checkCorrectProductDetailsPageOpenedOrNot(ProductDetailsPageComponents.java:91)
	at com.tommyjohn.automation.Components.CollectionPageComponent.validateProductHeadingTextOnCollectionPage(CollectionPageComponent.java:117)
	at com.tommyjohn.automation.Pages.CollectionPage.validateproductnameonAllUnderwear(CollectionPage.java:68)
	at TestScenario.ValidateMegaCollectionPages.TC_ValidateProductNameOnAllUnderwearInMenCategory(ValidateMegaCollectionPages.java:66)
... Removed 24 stack frames]]>
    </failure>
  </testcase> <!-- TC_ValidateProductNameOnAllUnderwearInMenCategory -->
</testsuite> <!-- MegaCollectionTests(failed) -->
