<?xml version="1.0" encoding="UTF-8"?>
<!-- Generated by org.testng.reporters.JUnitXMLReporter -->
<testsuite hostname="DESKTOP-TF1BFSK" failures="1" tests="1" name="ProductPageTests(failed)" time="53.346" errors="0" timestamp="1 Jul 2021 09:53:25 GMT">
  <testcase classname="TestScenario.ValidateProductDetailsPage" name="TC_verifyReviewsSectionOnPDP" time="28.917">
    <failure type="java.lang.Exception" message="Wrong product details page opened">
      <![CDATA[java.lang.Exception: Wrong product details page opened
	at com.tommyjohn.automation.Components.ProductDetailsPageComponents.checkCorrectProductDetailsPageOpenedOrNot(ProductDetailsPageComponents.java:91)
	at com.tommyjohn.automation.Components.ProductDetailsPageComponents.verifyReviewsDisplay(ProductDetailsPageComponents.java:616)
	at com.tommyjohn.automation.Pages.ProductDetailsPage.verifyReviewsSectionOnPDP(ProductDetailsPage.java:29)
	at TestScenario.ValidateProductDetailsPage.TC_verifyReviewsSectionOnPDP(ValidateProductDetailsPage.java:38)
... Removed 24 stack frames]]>
    </failure>
  </testcase> <!-- TC_verifyReviewsSectionOnPDP -->
</testsuite> <!-- ProductPageTests(failed) -->
