<?xml version="1.0" encoding="UTF-8"?>
<!-- Generated by org.testng.reporters.JUnitXMLReporter -->
<testsuite hostname="DESKTOP-TF1BFSK" failures="2" tests="2" name="SingleCollectionTests(failed)" time="94.253" errors="0" timestamp="1 Jul 2021 09:51:43 GMT">
  <testcase classname="TestScenario.ValidateSingleCollectionPages" name="TC_ValidateProductImageOnSecondSkinInMenCategory" time="31.273">
    <failure type="java.lang.Exception" message="Wrong product details page opened">
      <![CDATA[java.lang.Exception: Wrong product details page opened
	at com.tommyjohn.automation.Components.ProductDetailsPageComponents.checkCorrectProductDetailsPageOpenedOrNot(ProductDetailsPageComponents.java:91)
	at com.tommyjohn.automation.Components.CollectionPageComponent.validateProductImageOnCollectionPage(CollectionPageComponent.java:93)
	at com.tommyjohn.automation.Pages.CollectionPage.validateproductimageonOnSecondSkin(CollectionPage.java:174)
	at TestScenario.ValidateSingleCollectionPages.TC_ValidateProductImageOnSecondSkinInMenCategory(ValidateSingleCollectionPages.java:29)
... Removed 24 stack frames]]>
    </failure>
  </testcase> <!-- TC_ValidateProductImageOnSecondSkinInMenCategory -->
  <testcase classname="TestScenario.ValidateSingleCollectionPages" name="TC_ValidateProductNameOnCoolCottonInMenCategory" time="26.044">
    <failure type="java.lang.Exception" message="Wrong product details page opened">
      <![CDATA[java.lang.Exception: Wrong product details page opened
	at com.tommyjohn.automation.Components.ProductDetailsPageComponents.checkCorrectProductDetailsPageOpenedOrNot(ProductDetailsPageComponents.java:91)
	at com.tommyjohn.automation.Components.CollectionPageComponent.validateProductHeadingTextOnCollectionPage(CollectionPageComponent.java:117)
	at com.tommyjohn.automation.Pages.CollectionPage.validateproductnameonOnCoolCotton(CollectionPage.java:211)
	at TestScenario.ValidateSingleCollectionPages.TC_ValidateProductNameOnCoolCottonInMenCategory(ValidateSingleCollectionPages.java:53)
... Removed 24 stack frames]]>
    </failure>
  </testcase> <!-- TC_ValidateProductNameOnCoolCottonInMenCategory -->
</testsuite> <!-- SingleCollectionTests(failed) -->
